<?xml version="1.0" encoding="UTF-8"?>
<testng-results skipped="0" failed="0" ignored="0" total="1" passed="1">
  <reporter-output>
  </reporter-output>
  <suite name="Default suite" duration-ms="9881" started-at="2019-02-07T15:22:06Z" finished-at="2019-02-07T15:22:16Z">
    <groups>
    </groups>
    <test name="Default test" duration-ms="9881" started-at="2019-02-07T15:22:06Z" finished-at="2019-02-07T15:22:16Z">
      <class name="prashanth.DD">
        <test-method status="PASS" signature="ddtest()[pri:0, instance:prashanth.DD@57e1b0c]" name="ddtest" duration-ms="9865" started-at="2019-02-07T15:22:06Z" finished-at="2019-02-07T15:22:16Z">
          <reporter-output>
          </reporter-output>
        </test-method> <!-- ddtest -->
      </class> <!-- prashanth.DD -->
    </test> <!-- Default test -->
  </suite> <!-- Default suite -->
</testng-results>
