<?xml version="1.0" encoding="UTF-8"?>
<testng-results skipped="0" failed="0" ignored="0" total="1" passed="1">
  <reporter-output>
  </reporter-output>
  <suite name="Default suite" duration-ms="35328" started-at="2019-01-09T11:48:27Z" finished-at="2019-01-09T11:49:02Z">
    <groups>
    </groups>
    <test name="Default test" duration-ms="35328" started-at="2019-01-09T11:48:27Z" finished-at="2019-01-09T11:49:02Z">
      <class name="com.wordpress.Testcases.VerifyPostMessage">
        <test-method status="PASS" signature="verifymessagepost()[pri:0, instance:com.wordpress.Testcases.VerifyPostMessage@57e1b0c]" name="verifymessagepost" duration-ms="35307" started-at="2019-01-09T11:48:27Z" finished-at="2019-01-09T11:49:02Z">
          <reporter-output>
          </reporter-output>
        </test-method> <!-- verifymessagepost -->
      </class> <!-- com.wordpress.Testcases.VerifyPostMessage -->
    </test> <!-- Default test -->
  </suite> <!-- Default suite -->
</testng-results>
